2025-01-10 22:12:01,693 - Error - ERROR - app.full_dispatch_request <--- app.dispatch_request <--- app.raise_routing_exception <--- ctx.match_request <--- map.match
NotFound: 404 Not Found: The requested URL was not found on the server. If you entered the URL manually please check your spelling and try again.
2025-01-10 22:12:01,881 - Error - ERROR - app.full_dispatch_request <--- app.dispatch_request <--- app.raise_routing_exception <--- ctx.match_request <--- map.match
NotFound: 404 Not Found: The requested URL was not found on the server. If you entered the URL manually please check your spelling and try again.
2025-01-10 22:18:38,168 - Error - ERROR - app.full_dispatch_request <--- app.dispatch_request <--- app.raise_routing_exception <--- ctx.match_request <--- map.match
NotFound: 404 Not Found: The requested URL was not found on the server. If you entered the URL manually please check your spelling and try again.
2025-01-11 00:54:46,330 - Error - ERROR - utils.execute_query_with_logging
IntegrityError: ('23000', "[23000] [Microsoft][ODBC Driver 17 for SQL Server][SQL Server]Violation of UNIQUE KEY constraint 'UQ__Users__AB6E6164A61AE0D8'. Cannot insert duplicate key in object 'dbo.Users'. The duplicate key value is (cagatayalkan333@gmail.com). (2627) (SQLExecDirectW); [23000] [Microsoft][ODBC Driver 17 for SQL Server][SQL Server]The statement has been terminated. (3621)")
2025-01-11 00:54:46,357 - Error - ERROR - 
InternalServerError: 500 Internal Server Error: The server encountered an internal error and was unable to complete your request. Either the server is overloaded or there is an error in the application.
2025-01-11 02:12:29,072 - Error - ERROR - app.full_dispatch_request <--- app.dispatch_request <--- app.raise_routing_exception <--- ctx.match_request <--- map.match
NotFound: 404 Not Found: The requested URL was not found on the server. If you entered the URL manually please check your spelling and try again.
2025-01-11 05:40:15,197 - Error - ERROR - utils.execute_query_with_logging
ProgrammingError: ('42000', "[42000] [Microsoft][ODBC Driver 17 for SQL Server][SQL Server]Incorrect syntax near the keyword 'Where'. (156) (SQLExecDirectW); [42000] [Microsoft][ODBC Driver 17 for SQL Server][SQL Server]Statement(s) could not be prepared. (8180)")
2025-01-11 05:40:15,216 - Error - ERROR - 
InternalServerError: 500 Internal Server Error: The server encountered an internal error and was unable to complete your request. Either the server is overloaded or there is an error in the application.
2025-01-11 05:42:58,795 - Error - ERROR - utils.execute_query_with_logging
ProgrammingError: ('42000', "[42000] [Microsoft][ODBC Driver 17 for SQL Server][SQL Server]Incorrect syntax near the keyword 'Where'. (156) (SQLExecDirectW); [42000] [Microsoft][ODBC Driver 17 for SQL Server][SQL Server]Statement(s) could not be prepared. (8180)")
2025-01-11 05:42:58,799 - Error - ERROR - 
InternalServerError: 500 Internal Server Error: The server encountered an internal error and was unable to complete your request. Either the server is overloaded or there is an error in the application.
2025-01-11 05:43:36,899 - Error - ERROR - utils.execute_query_with_logging
ProgrammingError: ('42000', "[42000] [Microsoft][ODBC Driver 17 for SQL Server][SQL Server]Incorrect syntax near the keyword 'Where'. (156) (SQLExecDirectW); [42000] [Microsoft][ODBC Driver 17 for SQL Server][SQL Server]Statement(s) could not be prepared. (8180)")
2025-01-11 05:43:36,905 - Error - ERROR - 
InternalServerError: 500 Internal Server Error: The server encountered an internal error and was unable to complete your request. Either the server is overloaded or there is an error in the application.
2025-01-11 07:38:00,859 - Error - ERROR - utils.execute_query_with_logging
ProgrammingError: No results.  Previous SQL was not a query.
2025-01-11 07:38:00,866 - Error - ERROR - 
InternalServerError: 500 Internal Server Error: The server encountered an internal error and was unable to complete your request. Either the server is overloaded or there is an error in the application.
2025-01-11 07:38:51,729 - Error - ERROR - app.full_dispatch_request <--- app.dispatch_request <--- app.raise_routing_exception <--- ctx.match_request <--- map.match
NotFound: 404 Not Found: The requested URL was not found on the server. If you entered the URL manually please check your spelling and try again.
2025-01-11 07:39:09,039 - Error - ERROR - utils.execute_query_with_logging
ProgrammingError: No results.  Previous SQL was not a query.
2025-01-11 07:39:09,045 - Error - ERROR - 
InternalServerError: 500 Internal Server Error: The server encountered an internal error and was unable to complete your request. Either the server is overloaded or there is an error in the application.
2025-01-11 08:12:32,438 - Error - ERROR - app.full_dispatch_request <--- app.dispatch_request <--- app.raise_routing_exception <--- ctx.match_request <--- map.match
NotFound: 404 Not Found: The requested URL was not found on the server. If you entered the URL manually please check your spelling and try again.
2025-01-11 08:16:40,178 - Error - ERROR - utils.execute_query_with_logging
IntegrityError: ('23000', "[23000] [Microsoft][ODBC Driver 17 for SQL Server][SQL Server]Violation of PRIMARY KEY constraint 'pk_UserLinkedApps'. Cannot insert duplicate key in object 'dbo.UserLinkedApps'. The duplicate key value is (1, 1). (2627) (SQLExecDirectW); [23000] [Microsoft][ODBC Driver 17 for SQL Server][SQL Server]The statement has been terminated. (3621)")
2025-01-11 08:16:40,183 - Error - ERROR - 
InternalServerError: 500 Internal Server Error: The server encountered an internal error and was unable to complete your request. Either the server is overloaded or there is an error in the application.
2025-01-11 08:23:40,118 - Error - ERROR - app.full_dispatch_request <--- app.dispatch_request <--- app.raise_routing_exception <--- ctx.match_request <--- map.match
NotFound: 404 Not Found: The requested URL was not found on the server. If you entered the URL manually please check your spelling and try again.
2025-01-11 08:23:47,837 - Error - ERROR - app.full_dispatch_request <--- app.dispatch_request <--- app.raise_routing_exception <--- ctx.match_request <--- map.match
NotFound: 404 Not Found: The requested URL was not found on the server. If you entered the URL manually please check your spelling and try again.
2025-01-11 08:25:09,462 - Error - ERROR - app.full_dispatch_request <--- app.dispatch_request <--- app.raise_routing_exception <--- ctx.match_request <--- map.match
NotFound: 404 Not Found: The requested URL was not found on the server. If you entered the URL manually please check your spelling and try again.
2025-01-11 08:29:19,325 - Error - ERROR - app.full_dispatch_request <--- app.dispatch_request <--- app.raise_routing_exception <--- ctx.match_request <--- map.match
NotFound: 404 Not Found: The requested URL was not found on the server. If you entered the URL manually please check your spelling and try again.
2025-01-11 08:29:20,441 - Error - ERROR - app.full_dispatch_request <--- app.dispatch_request <--- app.raise_routing_exception <--- ctx.match_request <--- map.match
NotFound: 404 Not Found: The requested URL was not found on the server. If you entered the URL manually please check your spelling and try again.
2025-01-11 08:34:00,086 - Error - ERROR - app.full_dispatch_request <--- app.dispatch_request <--- app.raise_routing_exception <--- ctx.match_request <--- map.match
NotFound: 404 Not Found: The requested URL was not found on the server. If you entered the URL manually please check your spelling and try again.
2025-01-11 08:49:04,371 - Error - ERROR - 
InternalServerError: 500 Internal Server Error: The server encountered an internal error and was unable to complete your request. Either the server is overloaded or there is an error in the application.
2025-01-11 08:52:11,255 - Error - ERROR - 
InternalServerError: 500 Internal Server Error: The server encountered an internal error and was unable to complete your request. Either the server is overloaded or there is an error in the application.
2025-01-11 08:53:22,379 - Error - ERROR - 
InternalServerError: 500 Internal Server Error: The server encountered an internal error and was unable to complete your request. Either the server is overloaded or there is an error in the application.
2025-01-11 08:54:21,763 - Error - ERROR - 
InternalServerError: 500 Internal Server Error: The server encountered an internal error and was unable to complete your request. Either the server is overloaded or there is an error in the application.
2025-01-11 08:54:24,057 - Error - ERROR - 
InternalServerError: 500 Internal Server Error: The server encountered an internal error and was unable to complete your request. Either the server is overloaded or there is an error in the application.
2025-01-11 08:56:10,710 - Error - ERROR - 
InternalServerError: 500 Internal Server Error: The server encountered an internal error and was unable to complete your request. Either the server is overloaded or there is an error in the application.
2025-01-11 08:58:30,439 - Error - ERROR - 
InternalServerError: 500 Internal Server Error: The server encountered an internal error and was unable to complete your request. Either the server is overloaded or there is an error in the application.
2025-01-11 08:58:55,726 - Error - ERROR - 
InternalServerError: 500 Internal Server Error: The server encountered an internal error and was unable to complete your request. Either the server is overloaded or there is an error in the application.
2025-01-11 09:49:43,572 - Error - ERROR - app.full_dispatch_request <--- app.dispatch_request <--- app.raise_routing_exception <--- ctx.match_request <--- map.match
NotFound: 404 Not Found: The requested URL was not found on the server. If you entered the URL manually please check your spelling and try again.
2025-01-11 09:57:51,562 - Error - ERROR - utils.execute_query_with_logging
IntegrityError: ('23000', "[23000] [Microsoft][ODBC Driver 17 for SQL Server][SQL Server]Violation of UNIQUE KEY constraint 'UQ__Users__AB6E6164A61AE0D8'. Cannot insert duplicate key in object 'dbo.Users'. The duplicate key value is (cagatayalkan333@gmail.com). (2627) (SQLExecDirectW); [23000] [Microsoft][ODBC Driver 17 for SQL Server][SQL Server]The statement has been terminated. (3621)")
2025-01-11 09:57:51,572 - Error - ERROR - 
InternalServerError: 500 Internal Server Error: The server encountered an internal error and was unable to complete your request. Either the server is overloaded or there is an error in the application.
2025-01-11 10:40:26,659 - Error - ERROR - utils.execute_query_with_logging
DataError: ('22018', "[22018] [Microsoft][ODBC Driver 17 for SQL Server][SQL Server]Conversion failed when converting the nvarchar value 'cagatayalkan333@gmail.com' to data type int. (245) (SQLExecDirectW)")
2025-01-11 10:40:26,677 - Error - ERROR - 
InternalServerError: 500 Internal Server Error: The server encountered an internal error and was unable to complete your request. Either the server is overloaded or there is an error in the application.
2025-01-11 10:43:32,014 - Error - ERROR - 
InternalServerError: 500 Internal Server Error: The server encountered an internal error and was unable to complete your request. Either the server is overloaded or there is an error in the application.
2025-01-11 10:44:14,213 - Error - ERROR - 
InternalServerError: 500 Internal Server Error: The server encountered an internal error and was unable to complete your request. Either the server is overloaded or there is an error in the application.
2025-01-11 10:46:32,180 - Error - ERROR - 
InternalServerError: 500 Internal Server Error: The server encountered an internal error and was unable to complete your request. Either the server is overloaded or there is an error in the application.
2025-01-11 10:48:11,544 - Error - ERROR - 
InternalServerError: 500 Internal Server Error: The server encountered an internal error and was unable to complete your request. Either the server is overloaded or there is an error in the application.
2025-01-11 10:54:33,757 - Error - ERROR - app.full_dispatch_request <--- app.dispatch_request <--- app.raise_routing_exception <--- ctx.match_request <--- map.match
NotFound: 404 Not Found: The requested URL was not found on the server. If you entered the URL manually please check your spelling and try again.
2025-01-11 11:05:46,312 - Error - ERROR - spotify.process_playlist_data <--- playlist_operations.handle_playlist <--- db_operations.check_and_insert_playlist
ProgrammingError: ('42S02', "[42S02] [Microsoft][ODBC Driver 17 for SQL Server][SQL Server]Invalid object name 'Playlists'. (208) (SQLExecDirectW); [42S02] [Microsoft][ODBC Driver 17 for SQL Server][SQL Server]Statement(s) could not be prepared. (8180)")
2025-01-11 11:05:46,318 - Error - ERROR - utils.execute_query_with_logging
ProgrammingError: ('42S02', "[42S02] [Microsoft][ODBC Driver 17 for SQL Server][SQL Server]Invalid object name 'Playlist_Tracks'. (208) (SQLExecDirectW); [42S02] [Microsoft][ODBC Driver 17 for SQL Server][SQL Server]Statement(s) could not be prepared. (8180)")
2025-01-11 11:05:46,321 - Error - ERROR - spotify.get_playlist_duration <--- utils.execute_query_with_logging
ProgrammingError: ('42S02', "[42S02] [Microsoft][ODBC Driver 17 for SQL Server][SQL Server]Invalid object name 'Playlist_Tracks'. (208) (SQLExecDirectW); [42S02] [Microsoft][ODBC Driver 17 for SQL Server][SQL Server]Statement(s) could not be prepared. (8180)")
2025-01-11 11:08:09,357 - Error - ERROR - spotify.process_playlist_data <--- playlist_operations.handle_playlist <--- db_operations.check_and_insert_playlist
ProgrammingError: ('42S02', "[42S02] [Microsoft][ODBC Driver 17 for SQL Server][SQL Server]Invalid object name 'Playlists'. (208) (SQLExecDirectW); [42S02] [Microsoft][ODBC Driver 17 for SQL Server][SQL Server]Statement(s) could not be prepared. (8180)")
2025-01-11 11:11:21,389 - Error - ERROR - fetch_playlist_image.fetch_and_insert_playlist_images <--- token_cred.make_request
TypeError: 'str' object cannot be interpreted as an integer
2025-01-11 11:21:40,834 - Error - ERROR - app.full_dispatch_request <--- app.dispatch_request <--- app.raise_routing_exception <--- ctx.match_request <--- map.match
NotFound: 404 Not Found: The requested URL was not found on the server. If you entered the URL manually please check your spelling and try again.
2025-01-11 11:23:34,627 - Error - ERROR - 
InternalServerError: 500 Internal Server Error: The server encountered an internal error and was unable to complete your request. Either the server is overloaded or there is an error in the application.
2025-01-11 11:25:04,763 - Error - ERROR - 
InternalServerError: 500 Internal Server Error: The server encountered an internal error and was unable to complete your request. Either the server is overloaded or there is an error in the application.
2025-01-11 11:25:18,534 - Error - ERROR - 
InternalServerError: 500 Internal Server Error: The server encountered an internal error and was unable to complete your request. Either the server is overloaded or there is an error in the application.
2025-01-11 11:27:14,755 - Error - ERROR - fetch_playlist_image.fetch_and_insert_playlist_images <--- token_cred.make_request
TypeError: 'str' object cannot be interpreted as an integer
2025-01-11 11:28:21,953 - Error - ERROR - fetch_playlist_image.fetch_and_insert_playlist_images <--- token_cred.make_request
TypeError: 'str' object cannot be interpreted as an integer
2025-01-11 11:28:52,805 - Error - ERROR - fetch_playlist_image.fetch_and_insert_playlist_images <--- token_cred.make_request
TypeError: 'str' object cannot be interpreted as an integer
2025-01-11 11:29:30,446 - Error - ERROR - fetch_playlist_image.fetch_and_insert_playlist_images <--- token_cred.make_request
TypeError: 'str' object cannot be interpreted as an integer
2025-01-11 11:30:11,610 - Error - ERROR - fetch_playlist_image.fetch_and_insert_playlist_images <--- token_cred.make_request
TypeError: 'str' object cannot be interpreted as an integer
2025-01-11 11:31:06,184 - Error - ERROR - fetch_playlist_image.fetch_and_insert_playlist_images <--- token_cred.make_request
TypeError: 'str' object cannot be interpreted as an integer
2025-01-11 11:36:28,866 - Error - ERROR - fetch_playlist_image.fetch_and_insert_playlist_images <--- token_cred.make_request
TypeError: 'str' object cannot be interpreted as an integer
